<?xml version="1.0" encoding="UTF-8"?>
<testng-results skipped="0" failed="0" ignored="0" total="1" passed="1">
  <reporter-output>
  </reporter-output>
  <suite name="Default suite" duration-ms="16740" started-at="2021-04-16T09:27:54Z" finished-at="2021-04-16T09:28:11Z">
    <groups>
    </groups>
    <test name="Default test" duration-ms="16740" started-at="2021-04-16T09:27:54Z" finished-at="2021-04-16T09:28:11Z">
      <class name="testBEBOT.GcashFunctionality">
        <test-method status="PASS" signature="beforeMethod()[pri:0, instance:testBEBOT.GcashFunctionality@7f9a81e8]" name="beforeMethod" is-config="true" duration-ms="6" started-at="2021-04-16T09:27:54Z" finished-at="2021-04-16T09:27:54Z">
          <reporter-output>
          </reporter-output>
        </test-method> <!-- beforeMethod -->
        <test-method status="PASS" signature="Gcash()[pri:0, instance:testBEBOT.GcashFunctionality@7f9a81e8]" name="Gcash" duration-ms="16709" started-at="2021-04-16T09:27:54Z" finished-at="2021-04-16T09:28:11Z">
          <reporter-output>
          </reporter-output>
        </test-method> <!-- Gcash -->
      </class> <!-- testBEBOT.GcashFunctionality -->
    </test> <!-- Default test -->
  </suite> <!-- Default suite -->
</testng-results>
